Analysis & Synthesis report for vga
Mon Nov 30 19:08:22 2020
Quartus Prime Version 20.1.0 Build 711 06/05/2020 SJ Lite Edition


---------------------
; Table of Contents ;
---------------------
  1. Legal Notice
  2. Analysis & Synthesis Summary
  3. Analysis & Synthesis Settings
  4. Parallel Compilation
  5. Analysis & Synthesis Source Files Read
  6. Analysis & Synthesis Resource Usage Summary
  7. Analysis & Synthesis Resource Utilization by Entity
  8. User-Specified and Inferred Latches
  9. General Register Statistics
 10. Inverted Register Statistics
 11. Multiplexer Restructuring Statistics (Restructuring Performed)
 12. Post-Synthesis Netlist Statistics for Top Partition
 13. Elapsed Time Per Partition
 14. Analysis & Synthesis Messages



----------------
; Legal Notice ;
----------------
Copyright (C) 2020  Intel Corporation. All rights reserved.
Your use of Intel Corporation's design tools, logic functions 
and other software and tools, and any partner logic 
functions, and any output files from any of the foregoing 
(including device programming or simulation files), and any 
associated documentation or information are expressly subject 
to the terms and conditions of the Intel Program License 
Subscription Agreement, the Intel Quartus Prime License Agreement,
the Intel FPGA IP License Agreement, or other applicable license
agreement, including, without limitation, that your use is for
the sole purpose of programming logic devices manufactured by
Intel and sold by Intel or its authorized distributors.  Please
refer to the applicable agreement for further details, at
https://fpgasoftware.intel.com/eula.



+----------------------------------------------------------------------------------+
; Analysis & Synthesis Summary                                                     ;
+------------------------------------+---------------------------------------------+
; Analysis & Synthesis Status        ; Successful - Mon Nov 30 19:08:22 2020       ;
; Quartus Prime Version              ; 20.1.0 Build 711 06/05/2020 SJ Lite Edition ;
; Revision Name                      ; vga                                         ;
; Top-level Entity Name              ; vga                                         ;
; Family                             ; MAX 10                                      ;
; Total logic elements               ; 393                                         ;
;     Total combinational functions  ; 393                                         ;
;     Dedicated logic registers      ; 131                                         ;
; Total registers                    ; 131                                         ;
; Total pins                         ; 17                                          ;
; Total virtual pins                 ; 0                                           ;
; Total memory bits                  ; 0                                           ;
; Embedded Multiplier 9-bit elements ; 0                                           ;
; Total PLLs                         ; 0                                           ;
; UFM blocks                         ; 0                                           ;
; ADC blocks                         ; 0                                           ;
+------------------------------------+---------------------------------------------+


+------------------------------------------------------------------------------------------------------------+
; Analysis & Synthesis Settings                                                                              ;
+------------------------------------------------------------------+--------------------+--------------------+
; Option                                                           ; Setting            ; Default Value      ;
+------------------------------------------------------------------+--------------------+--------------------+
; Device                                                           ; 10M50DAF484C7G     ;                    ;
; Top-level entity name                                            ; vga                ; vga                ;
; Family name                                                      ; MAX 10             ; Cyclone V          ;
; Use smart compilation                                            ; Off                ; Off                ;
; Enable parallel Assembler and Timing Analyzer during compilation ; On                 ; On                 ;
; Enable compact report table                                      ; Off                ; Off                ;
; Restructure Multiplexers                                         ; Auto               ; Auto               ;
; Create Debugging Nodes for IP Cores                              ; Off                ; Off                ;
; Preserve fewer node names                                        ; On                 ; On                 ;
; Intel FPGA IP Evaluation Mode                                    ; Enable             ; Enable             ;
; Verilog Version                                                  ; Verilog_2001       ; Verilog_2001       ;
; VHDL Version                                                     ; VHDL_1993          ; VHDL_1993          ;
; State Machine Processing                                         ; Auto               ; Auto               ;
; Safe State Machine                                               ; Off                ; Off                ;
; Extract Verilog State Machines                                   ; On                 ; On                 ;
; Extract VHDL State Machines                                      ; On                 ; On                 ;
; Ignore Verilog initial constructs                                ; Off                ; Off                ;
; Iteration limit for constant Verilog loops                       ; 5000               ; 5000               ;
; Iteration limit for non-constant Verilog loops                   ; 250                ; 250                ;
; Add Pass-Through Logic to Inferred RAMs                          ; On                 ; On                 ;
; Infer RAMs from Raw Logic                                        ; On                 ; On                 ;
; Parallel Synthesis                                               ; On                 ; On                 ;
; DSP Block Balancing                                              ; Auto               ; Auto               ;
; NOT Gate Push-Back                                               ; On                 ; On                 ;
; Power-Up Don't Care                                              ; On                 ; On                 ;
; Remove Redundant Logic Cells                                     ; Off                ; Off                ;
; Remove Duplicate Registers                                       ; On                 ; On                 ;
; Ignore CARRY Buffers                                             ; Off                ; Off                ;
; Ignore CASCADE Buffers                                           ; Off                ; Off                ;
; Ignore GLOBAL Buffers                                            ; Off                ; Off                ;
; Ignore ROW GLOBAL Buffers                                        ; Off                ; Off                ;
; Ignore LCELL Buffers                                             ; Off                ; Off                ;
; Ignore SOFT Buffers                                              ; On                 ; On                 ;
; Limit AHDL Integers to 32 Bits                                   ; Off                ; Off                ;
; Optimization Technique                                           ; Balanced           ; Balanced           ;
; Carry Chain Length                                               ; 70                 ; 70                 ;
; Auto Carry Chains                                                ; On                 ; On                 ;
; Auto Open-Drain Pins                                             ; On                 ; On                 ;
; Perform WYSIWYG Primitive Resynthesis                            ; Off                ; Off                ;
; Auto ROM Replacement                                             ; On                 ; On                 ;
; Auto RAM Replacement                                             ; On                 ; On                 ;
; Auto DSP Block Replacement                                       ; On                 ; On                 ;
; Auto Shift Register Replacement                                  ; Auto               ; Auto               ;
; Allow Shift Register Merging across Hierarchies                  ; Auto               ; Auto               ;
; Auto Clock Enable Replacement                                    ; On                 ; On                 ;
; Strict RAM Replacement                                           ; Off                ; Off                ;
; Allow Synchronous Control Signals                                ; On                 ; On                 ;
; Force Use of Synchronous Clear Signals                           ; Off                ; Off                ;
; Auto RAM Block Balancing                                         ; On                 ; On                 ;
; Auto RAM to Logic Cell Conversion                                ; Off                ; Off                ;
; Auto Resource Sharing                                            ; Off                ; Off                ;
; Allow Any RAM Size For Recognition                               ; Off                ; Off                ;
; Allow Any ROM Size For Recognition                               ; Off                ; Off                ;
; Allow Any Shift Register Size For Recognition                    ; Off                ; Off                ;
; Use LogicLock Constraints during Resource Balancing              ; On                 ; On                 ;
; Ignore translate_off and synthesis_off directives                ; Off                ; Off                ;
; Timing-Driven Synthesis                                          ; On                 ; On                 ;
; Report Parameter Settings                                        ; On                 ; On                 ;
; Report Source Assignments                                        ; On                 ; On                 ;
; Report Connectivity Checks                                       ; On                 ; On                 ;
; Ignore Maximum Fan-Out Assignments                               ; Off                ; Off                ;
; Synchronization Register Chain Length                            ; 2                  ; 2                  ;
; Power Optimization During Synthesis                              ; Normal compilation ; Normal compilation ;
; HDL message level                                                ; Level2             ; Level2             ;
; Suppress Register Optimization Related Messages                  ; Off                ; Off                ;
; Number of Removed Registers Reported in Synthesis Report         ; 5000               ; 5000               ;
; Number of Swept Nodes Reported in Synthesis Report               ; 5000               ; 5000               ;
; Number of Inverted Registers Reported in Synthesis Report        ; 100                ; 100                ;
; Clock MUX Protection                                             ; On                 ; On                 ;
; Auto Gated Clock Conversion                                      ; Off                ; Off                ;
; Block Design Naming                                              ; Auto               ; Auto               ;
; SDC constraint protection                                        ; Off                ; Off                ;
; Synthesis Effort                                                 ; Auto               ; Auto               ;
; Shift Register Replacement - Allow Asynchronous Clear Signal     ; On                 ; On                 ;
; Pre-Mapping Resynthesis Optimization                             ; Off                ; Off                ;
; Analysis & Synthesis Message Level                               ; Medium             ; Medium             ;
; Disable Register Merging Across Hierarchies                      ; Auto               ; Auto               ;
; Resource Aware Inference For Block RAM                           ; On                 ; On                 ;
+------------------------------------------------------------------+--------------------+--------------------+


+------------------------------------------+
; Parallel Compilation                     ;
+----------------------------+-------------+
; Processors                 ; Number      ;
+----------------------------+-------------+
; Number detected on machine ; 4           ;
; Maximum allowed            ; 3           ;
;                            ;             ;
; Average used               ; 1.00        ;
; Maximum used               ; 3           ;
;                            ;             ;
; Usage by Processor         ; % Time Used ;
;     Processor 1            ; 100.0%      ;
;     Processor 2            ;   0.0%      ;
;     Processor 3            ;   0.0%      ;
+----------------------------+-------------+


+----------------------------------------------------------------------------------------------------------------------------------------------------------+
; Analysis & Synthesis Source Files Read                                                                                                                   ;
+----------------------------------+-----------------+-----------------+-------------------------------------------------------------------------+---------+
; File Name with User-Entered Path ; Used in Netlist ; File Type       ; File Name with Absolute Path                                            ; Library ;
+----------------------------------+-----------------+-----------------+-------------------------------------------------------------------------+---------+
; freqDivider.vhdl                 ; yes             ; User VHDL File  ; C:/Users/gucho/Documents/Semestre7/vlsi/vgaspriteX/freqDivider.vhdl     ;         ;
; hcounter.vhdl                    ; yes             ; User VHDL File  ; C:/Users/gucho/Documents/Semestre7/vlsi/vgaspriteX/hcounter.vhdl        ;         ;
; vcounter.vhdl                    ; yes             ; User VHDL File  ; C:/Users/gucho/Documents/Semestre7/vlsi/vgaspriteX/vcounter.vhdl        ;         ;
; vga.vhdl                         ; yes             ; User VHDL File  ; C:/Users/gucho/Documents/Semestre7/vlsi/vgaspriteX/vga.vhdl             ;         ;
; image_generator.vhdl             ; yes             ; User VHDL File  ; C:/Users/gucho/Documents/Semestre7/vlsi/vgaspriteX/image_generator.vhdl ;         ;
; freqDivider2.vhdl                ; yes             ; User VHDL File  ; C:/Users/gucho/Documents/Semestre7/vlsi/vgaspriteX/freqDivider2.vhdl    ;         ;
; sprt_x_capture.vhdl              ; yes             ; User VHDL File  ; C:/Users/gucho/Documents/Semestre7/vlsi/vgaspriteX/sprt_x_capture.vhdl  ;         ;
+----------------------------------+-----------------+-----------------+-------------------------------------------------------------------------+---------+


+--------------------------------------------------------------------------+
; Analysis & Synthesis Resource Usage Summary                              ;
+---------------------------------------------+----------------------------+
; Resource                                    ; Usage                      ;
+---------------------------------------------+----------------------------+
; Estimated Total logic elements              ; 393                        ;
;                                             ;                            ;
; Total combinational functions               ; 393                        ;
; Logic element usage by number of LUT inputs ;                            ;
;     -- 4 input functions                    ; 119                        ;
;     -- 3 input functions                    ; 132                        ;
;     -- <=2 input functions                  ; 142                        ;
;                                             ;                            ;
; Logic elements by mode                      ;                            ;
;     -- normal mode                          ; 171                        ;
;     -- arithmetic mode                      ; 222                        ;
;                                             ;                            ;
; Total registers                             ; 131                        ;
;     -- Dedicated logic registers            ; 131                        ;
;     -- I/O registers                        ; 0                          ;
;                                             ;                            ;
; I/O pins                                    ; 17                         ;
;                                             ;                            ;
; Embedded Multiplier 9-bit elements          ; 0                          ;
;                                             ;                            ;
; Maximum fan-out node                        ; image_generator:u4|addr[1] ;
; Maximum fan-out                             ; 44                         ;
; Total fan-out                               ; 1473                       ;
; Average fan-out                             ; 2.64                       ;
+---------------------------------------------+----------------------------+


+--------------------------------------------------------------------------------------------------------------------------------------------------------------------------------------------------------------------------------------------+
; Analysis & Synthesis Resource Utilization by Entity                                                                                                                                                                                        ;
+----------------------------+---------------------+---------------------------+-------------+------------+--------------+---------+-----------+------+--------------+------------+-------------------------+-----------------+--------------+
; Compilation Hierarchy Node ; Combinational ALUTs ; Dedicated Logic Registers ; Memory Bits ; UFM Blocks ; DSP Elements ; DSP 9x9 ; DSP 18x18 ; Pins ; Virtual Pins ; ADC blocks ; Full Hierarchy Name     ; Entity Name     ; Library Name ;
+----------------------------+---------------------+---------------------------+-------------+------------+--------------+---------+-----------+------+--------------+------------+-------------------------+-----------------+--------------+
; |vga                       ; 393 (0)             ; 131 (0)                   ; 0           ; 0          ; 0            ; 0       ; 0         ; 17   ; 0            ; 0          ; |vga                    ; vga             ; work         ;
;    |freqDivider2:v1|       ; 51 (51)             ; 33 (33)                   ; 0           ; 0          ; 0            ; 0       ; 0         ; 0    ; 0            ; 0          ; |vga|freqDivider2:v1    ; freqDivider2    ; work         ;
;    |freqDivider:u1|        ; 1 (1)               ; 1 (1)                     ; 0           ; 0          ; 0            ; 0       ; 0         ; 0    ; 0            ; 0          ; |vga|freqDivider:u1     ; freqDivider     ; work         ;
;    |hcounter:u2|           ; 48 (48)             ; 33 (33)                   ; 0           ; 0          ; 0            ; 0       ; 0         ; 0    ; 0            ; 0          ; |vga|hcounter:u2        ; hcounter        ; work         ;
;    |image_generator:u4|    ; 208 (208)           ; 0 (0)                     ; 0           ; 0          ; 0            ; 0       ; 0         ; 0    ; 0            ; 0          ; |vga|image_generator:u4 ; image_generator ; work         ;
;    |sprt_x_capture:v2|     ; 36 (36)             ; 32 (32)                   ; 0           ; 0          ; 0            ; 0       ; 0         ; 0    ; 0            ; 0          ; |vga|sprt_x_capture:v2  ; sprt_x_capture  ; work         ;
;    |vcounter:u3|           ; 49 (49)             ; 32 (32)                   ; 0           ; 0          ; 0            ; 0       ; 0         ; 0    ; 0            ; 0          ; |vga|vcounter:u3        ; vcounter        ; work         ;
+----------------------------+---------------------+---------------------------+-------------+------------+--------------+---------+-----------+------+--------------+------------+-------------------------+-----------------+--------------+
Note: For table entries with two numbers listed, the numbers in parentheses indicate the number of resources of the given type used by the specific entity alone. The numbers listed outside of parentheses indicate the total resources of the given type used by the specific entity and all of its sub-entities in the hierarchy.


+----------------------------------------------------------------------------------------------------------+
; User-Specified and Inferred Latches                                                                      ;
+-----------------------------------------------------+---------------------------+------------------------+
; Latch Name                                          ; Latch Enable Signal       ; Free of Timing Hazards ;
+-----------------------------------------------------+---------------------------+------------------------+
; image_generator:u4|data[0]                          ; image_generator:u4|red[0] ; yes                    ;
; image_generator:u4|data[1]                          ; image_generator:u4|red[0] ; yes                    ;
; image_generator:u4|data[2]                          ; image_generator:u4|red[0] ; yes                    ;
; image_generator:u4|data[3]                          ; image_generator:u4|red[0] ; yes                    ;
; image_generator:u4|addr[2]                          ; image_generator:u4|red[0] ; yes                    ;
; image_generator:u4|addr[7]                          ; image_generator:u4|red[0] ; yes                    ;
; image_generator:u4|addr[0]                          ; image_generator:u4|red[0] ; yes                    ;
; image_generator:u4|addr[1]                          ; image_generator:u4|red[0] ; yes                    ;
; image_generator:u4|addr[5]                          ; image_generator:u4|red[0] ; yes                    ;
; image_generator:u4|addr[4]                          ; image_generator:u4|red[0] ; yes                    ;
; image_generator:u4|addr[3]                          ; image_generator:u4|red[0] ; yes                    ;
; image_generator:u4|addr[6]                          ; image_generator:u4|red[0] ; yes                    ;
; Number of user-specified and inferred latches = 12  ;                           ;                        ;
+-----------------------------------------------------+---------------------------+------------------------+
Note: All latches listed above may not be present at the end of synthesis due to various synthesis optimizations.


+------------------------------------------------------+
; General Register Statistics                          ;
+----------------------------------------------+-------+
; Statistic                                    ; Value ;
+----------------------------------------------+-------+
; Total registers                              ; 131   ;
; Number of registers using Synchronous Clear  ; 0     ;
; Number of registers using Synchronous Load   ; 0     ;
; Number of registers using Asynchronous Clear ; 0     ;
; Number of registers using Asynchronous Load  ; 0     ;
; Number of registers using Clock Enable       ; 32    ;
; Number of registers using Preset             ; 0     ;
+----------------------------------------------+-------+


+--------------------------------------------------+
; Inverted Register Statistics                     ;
+----------------------------------------+---------+
; Inverted Register                      ; Fan out ;
+----------------------------------------+---------+
; sprt_x_capture:v2|xposition[7]         ; 4       ;
; sprt_x_capture:v2|xposition[6]         ; 4       ;
; sprt_x_capture:v2|xposition[3]         ; 4       ;
; Total number of inverted registers = 3 ;         ;
+----------------------------------------+---------+


+----------------------------------------------------------------------------------------------------------------------------------------------+
; Multiplexer Restructuring Statistics (Restructuring Performed)                                                                               ;
+--------------------+-----------+---------------+----------------------+------------------------+------------+--------------------------------+
; Multiplexer Inputs ; Bus Width ; Baseline Area ; Area if Restructured ; Saving if Restructured ; Registered ; Example Multiplexer Output     ;
+--------------------+-----------+---------------+----------------------+------------------------+------------+--------------------------------+
; 3:1                ; 4 bits    ; 8 LEs         ; 4 LEs                ; 4 LEs                  ; No         ; |vga|image_generator:u4|red[0] ;
+--------------------+-----------+---------------+----------------------+------------------------+------------+--------------------------------+


+-----------------------------------------------------+
; Post-Synthesis Netlist Statistics for Top Partition ;
+-----------------------+-----------------------------+
; Type                  ; Count                       ;
+-----------------------+-----------------------------+
; boundary_port         ; 17                          ;
; cycloneiii_ff         ; 131                         ;
;     ENA               ; 32                          ;
;     plain             ; 99                          ;
; cycloneiii_lcell_comb ; 393                         ;
;     arith             ; 222                         ;
;         2 data inputs ; 119                         ;
;         3 data inputs ; 103                         ;
;     normal            ; 171                         ;
;         1 data inputs ; 8                           ;
;         2 data inputs ; 15                          ;
;         3 data inputs ; 29                          ;
;         4 data inputs ; 119                         ;
;                       ;                             ;
; Max LUT depth         ; 7.60                        ;
; Average LUT depth     ; 4.77                        ;
+-----------------------+-----------------------------+


+-------------------------------+
; Elapsed Time Per Partition    ;
+----------------+--------------+
; Partition Name ; Elapsed Time ;
+----------------+--------------+
; Top            ; 00:00:02     ;
+----------------+--------------+


+-------------------------------+
; Analysis & Synthesis Messages ;
+-------------------------------+
Info: *******************************************************************
Info: Running Quartus Prime Analysis & Synthesis
    Info: Version 20.1.0 Build 711 06/05/2020 SJ Lite Edition
    Info: Processing started: Mon Nov 30 19:08:02 2020
Info: Command: quartus_map --read_settings_files=on --write_settings_files=off vga -c vga
Warning (18236): Number of processors has not been specified which may cause overloading on shared machines.  Set the global assignment NUM_PARALLEL_PROCESSORS in your QSF to an appropriate value for best performance.
Info (20032): Parallel compilation is enabled and will use up to 3 processors
Warning (20031): Parallel compilation is enabled for 3 processors, but there are only 2 processors in the system. Runtime may increase due to over usage of the processor space.
Info (12021): Found 2 design units, including 1 entities, in source file freqdivider.vhdl
    Info (12022): Found design unit 1: freqDivider-behavior File: C:/Users/gucho/Documents/Semestre7/vlsi/vgaspriteX/freqDivider.vhdl Line: 15
    Info (12023): Found entity 1: freqDivider File: C:/Users/gucho/Documents/Semestre7/vlsi/vgaspriteX/freqDivider.vhdl Line: 10
Info (12021): Found 2 design units, including 1 entities, in source file hcounter.vhdl
    Info (12022): Found design unit 1: hcounter-behavior File: C:/Users/gucho/Documents/Semestre7/vlsi/vgaspriteX/hcounter.vhdl Line: 18
    Info (12023): Found entity 1: hcounter File: C:/Users/gucho/Documents/Semestre7/vlsi/vgaspriteX/hcounter.vhdl Line: 11
Info (12021): Found 2 design units, including 1 entities, in source file vcounter.vhdl
    Info (12022): Found design unit 1: vcounter-behavior File: C:/Users/gucho/Documents/Semestre7/vlsi/vgaspriteX/vcounter.vhdl Line: 17
    Info (12023): Found entity 1: vcounter File: C:/Users/gucho/Documents/Semestre7/vlsi/vgaspriteX/vcounter.vhdl Line: 11
Info (12021): Found 2 design units, including 1 entities, in source file vga.vhdl
    Info (12022): Found design unit 1: vga-behavior File: C:/Users/gucho/Documents/Semestre7/vlsi/vgaspriteX/vga.vhdl Line: 19
    Info (12023): Found entity 1: vga File: C:/Users/gucho/Documents/Semestre7/vlsi/vgaspriteX/vga.vhdl Line: 4
Info (12021): Found 2 design units, including 1 entities, in source file image_generator.vhdl
    Info (12022): Found design unit 1: image_generator-behavior File: C:/Users/gucho/Documents/Semestre7/vlsi/vgaspriteX/image_generator.vhdl Line: 19
    Info (12023): Found entity 1: image_generator File: C:/Users/gucho/Documents/Semestre7/vlsi/vgaspriteX/image_generator.vhdl Line: 4
Info (12021): Found 2 design units, including 1 entities, in source file freqdivider2.vhdl
    Info (12022): Found design unit 1: freqDivider2-behavior File: C:/Users/gucho/Documents/Semestre7/vlsi/vgaspriteX/freqDivider2.vhdl Line: 13
    Info (12023): Found entity 1: freqDivider2 File: C:/Users/gucho/Documents/Semestre7/vlsi/vgaspriteX/freqDivider2.vhdl Line: 4
Info (12021): Found 2 design units, including 1 entities, in source file sprt_x_capture.vhdl
    Info (12022): Found design unit 1: sprt_x_capture-behavior File: C:/Users/gucho/Documents/Semestre7/vlsi/vgaspriteX/sprt_x_capture.vhdl Line: 15
    Info (12023): Found entity 1: sprt_x_capture File: C:/Users/gucho/Documents/Semestre7/vlsi/vgaspriteX/sprt_x_capture.vhdl Line: 4
Info (12127): Elaborating entity "vga" for the top level hierarchy
Info (12129): Elaborating entity "freqDivider" using architecture "A:behavior" for hierarchy "freqDivider:u1" File: C:/Users/gucho/Documents/Semestre7/vlsi/vgaspriteX/vga.vhdl Line: 34
Info (12129): Elaborating entity "freqDivider2" using architecture "A:behavior" for hierarchy "freqDivider2:v1" File: C:/Users/gucho/Documents/Semestre7/vlsi/vgaspriteX/vga.vhdl Line: 39
Info (12129): Elaborating entity "hcounter" using architecture "A:behavior" for hierarchy "hcounter:u2" File: C:/Users/gucho/Documents/Semestre7/vlsi/vgaspriteX/vga.vhdl Line: 45
Info (12129): Elaborating entity "vcounter" using architecture "A:behavior" for hierarchy "vcounter:u3" File: C:/Users/gucho/Documents/Semestre7/vlsi/vgaspriteX/vga.vhdl Line: 51
Info (12129): Elaborating entity "sprt_x_capture" using architecture "A:behavior" for hierarchy "sprt_x_capture:v2" File: C:/Users/gucho/Documents/Semestre7/vlsi/vgaspriteX/vga.vhdl Line: 64
Info (12129): Elaborating entity "image_generator" using architecture "A:behavior" for hierarchy "image_generator:u4" File: C:/Users/gucho/Documents/Semestre7/vlsi/vgaspriteX/vga.vhdl Line: 78
Warning (10541): VHDL Signal Declaration warning at image_generator.vhdl(23): used implicit default value for signal "sprite" because signal was never assigned a value or an explicit default value. Use of implicit default value may introduce unintended design optimizations. File: C:/Users/gucho/Documents/Semestre7/vlsi/vgaspriteX/image_generator.vhdl Line: 23
Warning (10492): VHDL Process Statement warning at image_generator.vhdl(35): signal "x_pos" is read inside the Process Statement but isn't in the Process Statement's sensitivity list File: C:/Users/gucho/Documents/Semestre7/vlsi/vgaspriteX/image_generator.vhdl Line: 35
Warning (10492): VHDL Process Statement warning at image_generator.vhdl(38): signal "x_pos" is read inside the Process Statement but isn't in the Process Statement's sensitivity list File: C:/Users/gucho/Documents/Semestre7/vlsi/vgaspriteX/image_generator.vhdl Line: 38
Warning (10492): VHDL Process Statement warning at image_generator.vhdl(41): signal "sprite" is read inside the Process Statement but isn't in the Process Statement's sensitivity list File: C:/Users/gucho/Documents/Semestre7/vlsi/vgaspriteX/image_generator.vhdl Line: 41
Warning (10492): VHDL Process Statement warning at image_generator.vhdl(41): signal "addr" is read inside the Process Statement but isn't in the Process Statement's sensitivity list File: C:/Users/gucho/Documents/Semestre7/vlsi/vgaspriteX/image_generator.vhdl Line: 41
Warning (10492): VHDL Process Statement warning at image_generator.vhdl(44): signal "data" is read inside the Process Statement but isn't in the Process Statement's sensitivity list File: C:/Users/gucho/Documents/Semestre7/vlsi/vgaspriteX/image_generator.vhdl Line: 44
Warning (10492): VHDL Process Statement warning at image_generator.vhdl(45): signal "data" is read inside the Process Statement but isn't in the Process Statement's sensitivity list File: C:/Users/gucho/Documents/Semestre7/vlsi/vgaspriteX/image_generator.vhdl Line: 45
Warning (10492): VHDL Process Statement warning at image_generator.vhdl(46): signal "data" is read inside the Process Statement but isn't in the Process Statement's sensitivity list File: C:/Users/gucho/Documents/Semestre7/vlsi/vgaspriteX/image_generator.vhdl Line: 46
Warning (10631): VHDL Process Statement warning at image_generator.vhdl(32): inferring latch(es) for signal or variable "addr", which holds its previous value in one or more paths through the process File: C:/Users/gucho/Documents/Semestre7/vlsi/vgaspriteX/image_generator.vhdl Line: 32
Warning (10631): VHDL Process Statement warning at image_generator.vhdl(32): inferring latch(es) for signal or variable "data", which holds its previous value in one or more paths through the process File: C:/Users/gucho/Documents/Semestre7/vlsi/vgaspriteX/image_generator.vhdl Line: 32
Info (10041): Inferred latch for "data[0]" at image_generator.vhdl(32) File: C:/Users/gucho/Documents/Semestre7/vlsi/vgaspriteX/image_generator.vhdl Line: 32
Info (10041): Inferred latch for "data[1]" at image_generator.vhdl(32) File: C:/Users/gucho/Documents/Semestre7/vlsi/vgaspriteX/image_generator.vhdl Line: 32
Info (10041): Inferred latch for "data[2]" at image_generator.vhdl(32) File: C:/Users/gucho/Documents/Semestre7/vlsi/vgaspriteX/image_generator.vhdl Line: 32
Info (10041): Inferred latch for "data[3]" at image_generator.vhdl(32) File: C:/Users/gucho/Documents/Semestre7/vlsi/vgaspriteX/image_generator.vhdl Line: 32
Info (10041): Inferred latch for "addr[0]" at image_generator.vhdl(32) File: C:/Users/gucho/Documents/Semestre7/vlsi/vgaspriteX/image_generator.vhdl Line: 32
Info (10041): Inferred latch for "addr[1]" at image_generator.vhdl(32) File: C:/Users/gucho/Documents/Semestre7/vlsi/vgaspriteX/image_generator.vhdl Line: 32
Info (10041): Inferred latch for "addr[2]" at image_generator.vhdl(32) File: C:/Users/gucho/Documents/Semestre7/vlsi/vgaspriteX/image_generator.vhdl Line: 32
Info (10041): Inferred latch for "addr[3]" at image_generator.vhdl(32) File: C:/Users/gucho/Documents/Semestre7/vlsi/vgaspriteX/image_generator.vhdl Line: 32
Info (10041): Inferred latch for "addr[4]" at image_generator.vhdl(32) File: C:/Users/gucho/Documents/Semestre7/vlsi/vgaspriteX/image_generator.vhdl Line: 32
Info (10041): Inferred latch for "addr[5]" at image_generator.vhdl(32) File: C:/Users/gucho/Documents/Semestre7/vlsi/vgaspriteX/image_generator.vhdl Line: 32
Info (10041): Inferred latch for "addr[6]" at image_generator.vhdl(32) File: C:/Users/gucho/Documents/Semestre7/vlsi/vgaspriteX/image_generator.vhdl Line: 32
Info (10041): Inferred latch for "addr[7]" at image_generator.vhdl(32) File: C:/Users/gucho/Documents/Semestre7/vlsi/vgaspriteX/image_generator.vhdl Line: 32
Info (276014): Found 1 instances of uninferred RAM logic
    Info (276013): RAM logic "image_generator:u4|sprite" is uninferred because MIF is not supported for the selected family File: C:/Users/gucho/Documents/Semestre7/vlsi/vgaspriteX/image_generator.vhdl Line: 23
Info (286030): Timing-Driven Synthesis is running
Info (16010): Generating hard_block partition "hard_block:auto_generated_inst"
    Info (16011): Adding 0 node(s), including 0 DDIO, 0 PLL, 0 transceiver and 0 LCELL
Info (21057): Implemented 411 device resources after synthesis - the final resource count might be different
    Info (21058): Implemented 3 input pins
    Info (21059): Implemented 14 output pins
    Info (21061): Implemented 394 logic cells
Info: Quartus Prime Analysis & Synthesis was successful. 0 errors, 12 warnings
    Info: Peak virtual memory: 4783 megabytes
    Info: Processing ended: Mon Nov 30 19:08:22 2020
    Info: Elapsed time: 00:00:20
    Info: Total CPU time (on all processors): 00:00:34


